                                 Started job on |	May 28 00:12:36
                             Started mapping on |	May 28 00:13:01
                                    Finished on |	May 28 00:13:05
       Mapping speed, Million of reads per hour |	9.00

                          Number of input reads |	10000
                      Average input read length |	234
                                    UNIQUE READS:
                   Uniquely mapped reads number |	8437
                        Uniquely mapped reads % |	84.37%
                          Average mapped length |	231.56
                       Number of splices: Total |	2541
            Number of splices: Annotated (sjdb) |	2490
                       Number of splices: GT/AG |	2508
                       Number of splices: GC/AG |	14
                       Number of splices: AT/AC |	8
               Number of splices: Non-canonical |	11
                      Mismatch rate per base, % |	0.50%
                         Deletion rate per base |	0.04%
                        Deletion average length |	1.13
                        Insertion rate per base |	0.00%
                       Insertion average length |	1.35
                             MULTI-MAPPING READS:
        Number of reads mapped to multiple loci |	1040
             % of reads mapped to multiple loci |	10.40%
        Number of reads mapped to too many loci |	8
             % of reads mapped to too many loci |	0.08%
                                  UNMAPPED READS:
       % of reads unmapped: too many mismatches |	0.00%
                 % of reads unmapped: too short |	5.10%
                     % of reads unmapped: other |	0.05%
                                  CHIMERIC READS:
                       Number of chimeric reads |	0
                            % of chimeric reads |	0.00%
