                                 Started job on |	May 13 22:15:44
                             Started mapping on |	May 13 22:15:46
                                    Finished on |	May 13 22:15:49
       Mapping speed, Million of reads per hour |	12.00

                          Number of input reads |	10000
                      Average input read length |	234
                                    UNIQUE READS:
                   Uniquely mapped reads number |	346
                        Uniquely mapped reads % |	3.46%
                          Average mapped length |	216.55
                       Number of splices: Total |	6
            Number of splices: Annotated (sjdb) |	0
                       Number of splices: GT/AG |	0
                       Number of splices: GC/AG |	2
                       Number of splices: AT/AC |	0
               Number of splices: Non-canonical |	4
                      Mismatch rate per base, % |	0.84%
                         Deletion rate per base |	0.10%
                        Deletion average length |	2.89
                        Insertion rate per base |	0.43%
                       Insertion average length |	2.63
                             MULTI-MAPPING READS:
        Number of reads mapped to multiple loci |	22
             % of reads mapped to multiple loci |	0.22%
        Number of reads mapped to too many loci |	0
             % of reads mapped to too many loci |	0.00%
                                  UNMAPPED READS:
       % of reads unmapped: too many mismatches |	0.00%
                 % of reads unmapped: too short |	1.75%
                     % of reads unmapped: other |	94.57%
                                  CHIMERIC READS:
                       Number of chimeric reads |	0
                            % of chimeric reads |	0.00%
