                                 Started job on |	May 13 22:16:30
                             Started mapping on |	May 13 22:16:30
                                    Finished on |	May 13 22:16:33
       Mapping speed, Million of reads per hour |	12.00

                          Number of input reads |	10000
                      Average input read length |	234
                                    UNIQUE READS:
                   Uniquely mapped reads number |	2978
                        Uniquely mapped reads % |	29.78%
                          Average mapped length |	231.28
                       Number of splices: Total |	5
            Number of splices: Annotated (sjdb) |	0
                       Number of splices: GT/AG |	4
                       Number of splices: GC/AG |	0
                       Number of splices: AT/AC |	0
               Number of splices: Non-canonical |	1
                      Mismatch rate per base, % |	0.48%
                         Deletion rate per base |	0.10%
                        Deletion average length |	1.02
                        Insertion rate per base |	0.00%
                       Insertion average length |	1.00
                             MULTI-MAPPING READS:
        Number of reads mapped to multiple loci |	11
             % of reads mapped to multiple loci |	0.11%
        Number of reads mapped to too many loci |	0
             % of reads mapped to too many loci |	0.00%
                                  UNMAPPED READS:
       % of reads unmapped: too many mismatches |	0.00%
                 % of reads unmapped: too short |	1.58%
                     % of reads unmapped: other |	68.53%
                                  CHIMERIC READS:
                       Number of chimeric reads |	0
                            % of chimeric reads |	0.00%
