                                 Started job on |	May 13 22:15:52
                             Started mapping on |	May 13 22:15:53
                                    Finished on |	May 13 22:15:56
       Mapping speed, Million of reads per hour |	12.00

                          Number of input reads |	10000
                      Average input read length |	231
                                    UNIQUE READS:
                   Uniquely mapped reads number |	140
                        Uniquely mapped reads % |	1.40%
                          Average mapped length |	212.31
                       Number of splices: Total |	1
            Number of splices: Annotated (sjdb) |	0
                       Number of splices: GT/AG |	1
                       Number of splices: GC/AG |	0
                       Number of splices: AT/AC |	0
               Number of splices: Non-canonical |	0
                      Mismatch rate per base, % |	1.11%
                         Deletion rate per base |	0.07%
                        Deletion average length |	1.69
                        Insertion rate per base |	0.68%
                       Insertion average length |	3.38
                             MULTI-MAPPING READS:
        Number of reads mapped to multiple loci |	10
             % of reads mapped to multiple loci |	0.10%
        Number of reads mapped to too many loci |	1
             % of reads mapped to too many loci |	0.01%
                                  UNMAPPED READS:
       % of reads unmapped: too many mismatches |	0.00%
                 % of reads unmapped: too short |	1.55%
                     % of reads unmapped: other |	96.94%
                                  CHIMERIC READS:
                       Number of chimeric reads |	0
                            % of chimeric reads |	0.00%
