                                 Started job on |	May 28 00:13:05
                             Started mapping on |	May 28 00:13:26
                                    Finished on |	May 28 00:13:30
       Mapping speed, Million of reads per hour |	9.00

                          Number of input reads |	10000
                      Average input read length |	231
                                    UNIQUE READS:
                   Uniquely mapped reads number |	8570
                        Uniquely mapped reads % |	85.70%
                          Average mapped length |	229.64
                       Number of splices: Total |	3567
            Number of splices: Annotated (sjdb) |	3526
                       Number of splices: GT/AG |	3534
                       Number of splices: GC/AG |	18
                       Number of splices: AT/AC |	5
               Number of splices: Non-canonical |	10
                      Mismatch rate per base, % |	0.50%
                         Deletion rate per base |	0.03%
                        Deletion average length |	1.12
                        Insertion rate per base |	0.00%
                       Insertion average length |	1.75
                             MULTI-MAPPING READS:
        Number of reads mapped to multiple loci |	893
             % of reads mapped to multiple loci |	8.93%
        Number of reads mapped to too many loci |	17
             % of reads mapped to too many loci |	0.17%
                                  UNMAPPED READS:
       % of reads unmapped: too many mismatches |	0.00%
                 % of reads unmapped: too short |	5.11%
                     % of reads unmapped: other |	0.09%
                                  CHIMERIC READS:
                       Number of chimeric reads |	0
                            % of chimeric reads |	0.00%
