                                 Started job on |	May 13 21:32:20
                             Started mapping on |	May 13 21:32:21
                                    Finished on |	May 13 21:32:24
       Mapping speed, Million of reads per hour |	12.00

                          Number of input reads |	10000
                      Average input read length |	231
                                    UNIQUE READS:
                   Uniquely mapped reads number |	252
                        Uniquely mapped reads % |	2.52%
                          Average mapped length |	206.65
                       Number of splices: Total |	23
            Number of splices: Annotated (sjdb) |	0
                       Number of splices: GT/AG |	3
                       Number of splices: GC/AG |	2
                       Number of splices: AT/AC |	0
               Number of splices: Non-canonical |	18
                      Mismatch rate per base, % |	1.17%
                         Deletion rate per base |	0.08%
                        Deletion average length |	2.22
                        Insertion rate per base |	0.74%
                       Insertion average length |	2.67
                             MULTI-MAPPING READS:
        Number of reads mapped to multiple loci |	8
             % of reads mapped to multiple loci |	0.08%
        Number of reads mapped to too many loci |	0
             % of reads mapped to too many loci |	0.00%
                                  UNMAPPED READS:
       % of reads unmapped: too many mismatches |	0.00%
                 % of reads unmapped: too short |	1.75%
                     % of reads unmapped: other |	95.65%
                                  CHIMERIC READS:
                       Number of chimeric reads |	0
                            % of chimeric reads |	0.00%
