                                 Started job on |	May 28 00:13:55
                             Started mapping on |	May 28 00:14:16
                                    Finished on |	May 28 00:14:20
       Mapping speed, Million of reads per hour |	9.00

                          Number of input reads |	10000
                      Average input read length |	243
                                    UNIQUE READS:
                   Uniquely mapped reads number |	8961
                        Uniquely mapped reads % |	89.61%
                          Average mapped length |	241.17
                       Number of splices: Total |	3098
            Number of splices: Annotated (sjdb) |	3053
                       Number of splices: GT/AG |	3063
                       Number of splices: GC/AG |	22
                       Number of splices: AT/AC |	0
               Number of splices: Non-canonical |	13
                      Mismatch rate per base, % |	0.42%
                         Deletion rate per base |	0.03%
                        Deletion average length |	1.18
                        Insertion rate per base |	0.01%
                       Insertion average length |	1.63
                             MULTI-MAPPING READS:
        Number of reads mapped to multiple loci |	649
             % of reads mapped to multiple loci |	6.49%
        Number of reads mapped to too many loci |	11
             % of reads mapped to too many loci |	0.11%
                                  UNMAPPED READS:
       % of reads unmapped: too many mismatches |	0.00%
                 % of reads unmapped: too short |	3.76%
                     % of reads unmapped: other |	0.03%
                                  CHIMERIC READS:
                       Number of chimeric reads |	0
                            % of chimeric reads |	0.00%
