                                 Started job on |	May 13 21:32:26
                             Started mapping on |	May 13 21:32:27
                                    Finished on |	May 13 21:32:29
       Mapping speed, Million of reads per hour |	18.00

                          Number of input reads |	10000
                      Average input read length |	243
                                    UNIQUE READS:
                   Uniquely mapped reads number |	148
                        Uniquely mapped reads % |	1.48%
                          Average mapped length |	219.16
                       Number of splices: Total |	10
            Number of splices: Annotated (sjdb) |	0
                       Number of splices: GT/AG |	2
                       Number of splices: GC/AG |	0
                       Number of splices: AT/AC |	0
               Number of splices: Non-canonical |	8
                      Mismatch rate per base, % |	0.95%
                         Deletion rate per base |	0.05%
                        Deletion average length |	1.21
                        Insertion rate per base |	0.55%
                       Insertion average length |	2.25
                             MULTI-MAPPING READS:
        Number of reads mapped to multiple loci |	8
             % of reads mapped to multiple loci |	0.08%
        Number of reads mapped to too many loci |	0
             % of reads mapped to too many loci |	0.00%
                                  UNMAPPED READS:
       % of reads unmapped: too many mismatches |	0.00%
                 % of reads unmapped: too short |	0.70%
                     % of reads unmapped: other |	97.74%
                                  CHIMERIC READS:
                       Number of chimeric reads |	0
                            % of chimeric reads |	0.00%
