                                 Started job on |	May 13 21:32:31
                             Started mapping on |	May 13 21:32:32
                                    Finished on |	May 13 21:32:35
       Mapping speed, Million of reads per hour |	12.00

                          Number of input reads |	10000
                      Average input read length |	236
                                    UNIQUE READS:
                   Uniquely mapped reads number |	168
                        Uniquely mapped reads % |	1.68%
                          Average mapped length |	210.75
                       Number of splices: Total |	7
            Number of splices: Annotated (sjdb) |	0
                       Number of splices: GT/AG |	0
                       Number of splices: GC/AG |	0
                       Number of splices: AT/AC |	0
               Number of splices: Non-canonical |	7
                      Mismatch rate per base, % |	0.69%
                         Deletion rate per base |	0.07%
                        Deletion average length |	1.00
                        Insertion rate per base |	0.44%
                       Insertion average length |	2.74
                             MULTI-MAPPING READS:
        Number of reads mapped to multiple loci |	16
             % of reads mapped to multiple loci |	0.16%
        Number of reads mapped to too many loci |	0
             % of reads mapped to too many loci |	0.00%
                                  UNMAPPED READS:
       % of reads unmapped: too many mismatches |	0.00%
                 % of reads unmapped: too short |	1.20%
                     % of reads unmapped: other |	96.96%
                                  CHIMERIC READS:
                       Number of chimeric reads |	0
                            % of chimeric reads |	0.00%
