                                 Started job on |	May 13 22:16:49
                             Started mapping on |	May 13 22:16:49
                                    Finished on |	May 13 22:16:53
       Mapping speed, Million of reads per hour |	9.00

                          Number of input reads |	10000
                      Average input read length |	231
                                    UNIQUE READS:
                   Uniquely mapped reads number |	1746
                        Uniquely mapped reads % |	17.46%
                          Average mapped length |	229.91
                       Number of splices: Total |	5
            Number of splices: Annotated (sjdb) |	0
                       Number of splices: GT/AG |	1
                       Number of splices: GC/AG |	0
                       Number of splices: AT/AC |	0
               Number of splices: Non-canonical |	4
                      Mismatch rate per base, % |	0.41%
                         Deletion rate per base |	0.09%
                        Deletion average length |	1.00
                        Insertion rate per base |	0.00%
                       Insertion average length |	1.00
                             MULTI-MAPPING READS:
        Number of reads mapped to multiple loci |	6
             % of reads mapped to multiple loci |	0.06%
        Number of reads mapped to too many loci |	0
             % of reads mapped to too many loci |	0.00%
                                  UNMAPPED READS:
       % of reads unmapped: too many mismatches |	0.00%
                 % of reads unmapped: too short |	2.16%
                     % of reads unmapped: other |	80.32%
                                  CHIMERIC READS:
                       Number of chimeric reads |	0
                            % of chimeric reads |	0.00%
