                                 Started job on |	May 28 00:15:35
                             Started mapping on |	May 28 00:15:56
                                    Finished on |	May 28 00:16:00
       Mapping speed, Million of reads per hour |	9.00

                          Number of input reads |	10000
                      Average input read length |	231
                                    UNIQUE READS:
                   Uniquely mapped reads number |	8507
                        Uniquely mapped reads % |	85.07%
                          Average mapped length |	229.68
                       Number of splices: Total |	2892
            Number of splices: Annotated (sjdb) |	2839
                       Number of splices: GT/AG |	2863
                       Number of splices: GC/AG |	13
                       Number of splices: AT/AC |	7
               Number of splices: Non-canonical |	9
                      Mismatch rate per base, % |	0.40%
                         Deletion rate per base |	0.02%
                        Deletion average length |	1.20
                        Insertion rate per base |	0.01%
                       Insertion average length |	1.47
                             MULTI-MAPPING READS:
        Number of reads mapped to multiple loci |	1002
             % of reads mapped to multiple loci |	10.02%
        Number of reads mapped to too many loci |	21
             % of reads mapped to too many loci |	0.21%
                                  UNMAPPED READS:
       % of reads unmapped: too many mismatches |	0.00%
                 % of reads unmapped: too short |	4.53%
                     % of reads unmapped: other |	0.17%
                                  CHIMERIC READS:
                       Number of chimeric reads |	0
                            % of chimeric reads |	0.00%
