                                 Started job on |	May 13 21:32:49
                             Started mapping on |	May 13 21:32:50
                                    Finished on |	May 13 21:32:52
       Mapping speed, Million of reads per hour |	18.00

                          Number of input reads |	10000
                      Average input read length |	231
                                    UNIQUE READS:
                   Uniquely mapped reads number |	191
                        Uniquely mapped reads % |	1.91%
                          Average mapped length |	210.52
                       Number of splices: Total |	10
            Number of splices: Annotated (sjdb) |	0
                       Number of splices: GT/AG |	1
                       Number of splices: GC/AG |	2
                       Number of splices: AT/AC |	0
               Number of splices: Non-canonical |	7
                      Mismatch rate per base, % |	0.98%
                         Deletion rate per base |	0.06%
                        Deletion average length |	1.32
                        Insertion rate per base |	0.63%
                       Insertion average length |	3.00
                             MULTI-MAPPING READS:
        Number of reads mapped to multiple loci |	13
             % of reads mapped to multiple loci |	0.13%
        Number of reads mapped to too many loci |	0
             % of reads mapped to too many loci |	0.00%
                                  UNMAPPED READS:
       % of reads unmapped: too many mismatches |	0.00%
                 % of reads unmapped: too short |	1.55%
                     % of reads unmapped: other |	96.41%
                                  CHIMERIC READS:
                       Number of chimeric reads |	0
                            % of chimeric reads |	0.00%
