                                 Started job on |	May 28 00:16:00
                             Started mapping on |	May 28 00:16:21
                                    Finished on |	May 28 00:16:25
       Mapping speed, Million of reads per hour |	9.00

                          Number of input reads |	10000
                      Average input read length |	242
                                    UNIQUE READS:
                   Uniquely mapped reads number |	8716
                        Uniquely mapped reads % |	87.16%
                          Average mapped length |	240.88
                       Number of splices: Total |	3925
            Number of splices: Annotated (sjdb) |	3869
                       Number of splices: GT/AG |	3882
                       Number of splices: GC/AG |	33
                       Number of splices: AT/AC |	0
               Number of splices: Non-canonical |	10
                      Mismatch rate per base, % |	0.42%
                         Deletion rate per base |	0.03%
                        Deletion average length |	1.19
                        Insertion rate per base |	0.00%
                       Insertion average length |	1.25
                             MULTI-MAPPING READS:
        Number of reads mapped to multiple loci |	839
             % of reads mapped to multiple loci |	8.39%
        Number of reads mapped to too many loci |	7
             % of reads mapped to too many loci |	0.07%
                                  UNMAPPED READS:
       % of reads unmapped: too many mismatches |	0.00%
                 % of reads unmapped: too short |	4.35%
                     % of reads unmapped: other |	0.03%
                                  CHIMERIC READS:
                       Number of chimeric reads |	0
                            % of chimeric reads |	0.00%
