                                 Started job on |	May 13 21:32:54
                             Started mapping on |	May 13 21:32:56
                                    Finished on |	May 13 21:32:58
       Mapping speed, Million of reads per hour |	18.00

                          Number of input reads |	10000
                      Average input read length |	242
                                    UNIQUE READS:
                   Uniquely mapped reads number |	122
                        Uniquely mapped reads % |	1.22%
                          Average mapped length |	222.34
                       Number of splices: Total |	7
            Number of splices: Annotated (sjdb) |	0
                       Number of splices: GT/AG |	2
                       Number of splices: GC/AG |	2
                       Number of splices: AT/AC |	0
               Number of splices: Non-canonical |	3
                      Mismatch rate per base, % |	0.84%
                         Deletion rate per base |	0.05%
                        Deletion average length |	1.17
                        Insertion rate per base |	0.58%
                       Insertion average length |	2.11
                             MULTI-MAPPING READS:
        Number of reads mapped to multiple loci |	11
             % of reads mapped to multiple loci |	0.11%
        Number of reads mapped to too many loci |	0
             % of reads mapped to too many loci |	0.00%
                                  UNMAPPED READS:
       % of reads unmapped: too many mismatches |	0.00%
                 % of reads unmapped: too short |	0.64%
                     % of reads unmapped: other |	98.03%
                                  CHIMERIC READS:
                       Number of chimeric reads |	0
                            % of chimeric reads |	0.00%
