                                 Started job on |	May 13 22:16:55
                             Started mapping on |	May 13 22:16:55
                                    Finished on |	May 13 22:16:57
       Mapping speed, Million of reads per hour |	18.00

                          Number of input reads |	10000
                      Average input read length |	240
                                    UNIQUE READS:
                   Uniquely mapped reads number |	2223
                        Uniquely mapped reads % |	22.23%
                          Average mapped length |	239.47
                       Number of splices: Total |	4
            Number of splices: Annotated (sjdb) |	0
                       Number of splices: GT/AG |	1
                       Number of splices: GC/AG |	0
                       Number of splices: AT/AC |	0
               Number of splices: Non-canonical |	3
                      Mismatch rate per base, % |	0.33%
                         Deletion rate per base |	0.11%
                        Deletion average length |	1.01
                        Insertion rate per base |	0.00%
                       Insertion average length |	1.00
                             MULTI-MAPPING READS:
        Number of reads mapped to multiple loci |	6
             % of reads mapped to multiple loci |	0.06%
        Number of reads mapped to too many loci |	0
             % of reads mapped to too many loci |	0.00%
                                  UNMAPPED READS:
       % of reads unmapped: too many mismatches |	0.00%
                 % of reads unmapped: too short |	1.06%
                     % of reads unmapped: other |	76.65%
                                  CHIMERIC READS:
                       Number of chimeric reads |	0
                            % of chimeric reads |	0.00%
