                                 Started job on |	May 28 00:16:25
                             Started mapping on |	May 28 00:16:47
                                    Finished on |	May 28 00:16:50
       Mapping speed, Million of reads per hour |	12.00

                          Number of input reads |	10000
                      Average input read length |	240
                                    UNIQUE READS:
                   Uniquely mapped reads number |	8599
                        Uniquely mapped reads % |	85.99%
                          Average mapped length |	239.03
                       Number of splices: Total |	2788
            Number of splices: Annotated (sjdb) |	2752
                       Number of splices: GT/AG |	2751
                       Number of splices: GC/AG |	24
                       Number of splices: AT/AC |	3
               Number of splices: Non-canonical |	10
                      Mismatch rate per base, % |	0.38%
                         Deletion rate per base |	0.03%
                        Deletion average length |	1.09
                        Insertion rate per base |	0.00%
                       Insertion average length |	1.70
                             MULTI-MAPPING READS:
        Number of reads mapped to multiple loci |	975
             % of reads mapped to multiple loci |	9.75%
        Number of reads mapped to too many loci |	17
             % of reads mapped to too many loci |	0.17%
                                  UNMAPPED READS:
       % of reads unmapped: too many mismatches |	0.00%
                 % of reads unmapped: too short |	3.99%
                     % of reads unmapped: other |	0.10%
                                  CHIMERIC READS:
                       Number of chimeric reads |	0
                            % of chimeric reads |	0.00%
