                                 Started job on |	May 13 21:33:00
                             Started mapping on |	May 13 21:33:01
                                    Finished on |	May 13 21:33:03
       Mapping speed, Million of reads per hour |	18.00

                          Number of input reads |	10000
                      Average input read length |	240
                                    UNIQUE READS:
                   Uniquely mapped reads number |	249
                        Uniquely mapped reads % |	2.49%
                          Average mapped length |	226.24
                       Number of splices: Total |	7
            Number of splices: Annotated (sjdb) |	0
                       Number of splices: GT/AG |	0
                       Number of splices: GC/AG |	1
                       Number of splices: AT/AC |	0
               Number of splices: Non-canonical |	6
                      Mismatch rate per base, % |	0.64%
                         Deletion rate per base |	0.05%
                        Deletion average length |	1.07
                        Insertion rate per base |	0.40%
                       Insertion average length |	2.40
                             MULTI-MAPPING READS:
        Number of reads mapped to multiple loci |	15
             % of reads mapped to multiple loci |	0.15%
        Number of reads mapped to too many loci |	0
             % of reads mapped to too many loci |	0.00%
                                  UNMAPPED READS:
       % of reads unmapped: too many mismatches |	0.00%
                 % of reads unmapped: too short |	0.71%
                     % of reads unmapped: other |	96.65%
                                  CHIMERIC READS:
                       Number of chimeric reads |	0
                            % of chimeric reads |	0.00%
