                                 Started job on |	May 28 00:16:50
                             Started mapping on |	May 28 00:17:11
                                    Finished on |	May 28 00:17:15
       Mapping speed, Million of reads per hour |	9.00

                          Number of input reads |	10000
                      Average input read length |	235
                                    UNIQUE READS:
                   Uniquely mapped reads number |	8330
                        Uniquely mapped reads % |	83.30%
                          Average mapped length |	232.53
                       Number of splices: Total |	2643
            Number of splices: Annotated (sjdb) |	2597
                       Number of splices: GT/AG |	2609
                       Number of splices: GC/AG |	23
                       Number of splices: AT/AC |	3
               Number of splices: Non-canonical |	8
                      Mismatch rate per base, % |	0.49%
                         Deletion rate per base |	0.03%
                        Deletion average length |	1.36
                        Insertion rate per base |	0.01%
                       Insertion average length |	1.81
                             MULTI-MAPPING READS:
        Number of reads mapped to multiple loci |	1038
             % of reads mapped to multiple loci |	10.38%
        Number of reads mapped to too many loci |	21
             % of reads mapped to too many loci |	0.21%
                                  UNMAPPED READS:
       % of reads unmapped: too many mismatches |	0.00%
                 % of reads unmapped: too short |	6.00%
                     % of reads unmapped: other |	0.11%
                                  CHIMERIC READS:
                       Number of chimeric reads |	0
                            % of chimeric reads |	0.00%
