                                 Started job on |	May 13 21:33:05
                             Started mapping on |	May 13 21:33:06
                                    Finished on |	May 13 21:33:09
       Mapping speed, Million of reads per hour |	12.00

                          Number of input reads |	10000
                      Average input read length |	235
                                    UNIQUE READS:
                   Uniquely mapped reads number |	270
                        Uniquely mapped reads % |	2.70%
                          Average mapped length |	218.43
                       Number of splices: Total |	16
            Number of splices: Annotated (sjdb) |	0
                       Number of splices: GT/AG |	2
                       Number of splices: GC/AG |	2
                       Number of splices: AT/AC |	0
               Number of splices: Non-canonical |	12
                      Mismatch rate per base, % |	1.27%
                         Deletion rate per base |	0.09%
                        Deletion average length |	1.49
                        Insertion rate per base |	0.76%
                       Insertion average length |	2.77
                             MULTI-MAPPING READS:
        Number of reads mapped to multiple loci |	22
             % of reads mapped to multiple loci |	0.22%
        Number of reads mapped to too many loci |	0
             % of reads mapped to too many loci |	0.00%
                                  UNMAPPED READS:
       % of reads unmapped: too many mismatches |	0.00%
                 % of reads unmapped: too short |	1.42%
                     % of reads unmapped: other |	95.66%
                                  CHIMERIC READS:
                       Number of chimeric reads |	0
                            % of chimeric reads |	0.00%
