                                 Started job on |	May 13 22:17:05
                             Started mapping on |	May 13 22:17:05
                                    Finished on |	May 13 22:17:08
       Mapping speed, Million of reads per hour |	12.00

                          Number of input reads |	10000
                      Average input read length |	231
                                    UNIQUE READS:
                   Uniquely mapped reads number |	901
                        Uniquely mapped reads % |	9.01%
                          Average mapped length |	228.10
                       Number of splices: Total |	3
            Number of splices: Annotated (sjdb) |	0
                       Number of splices: GT/AG |	0
                       Number of splices: GC/AG |	0
                       Number of splices: AT/AC |	0
               Number of splices: Non-canonical |	3
                      Mismatch rate per base, % |	0.64%
                         Deletion rate per base |	0.11%
                        Deletion average length |	1.02
                        Insertion rate per base |	0.00%
                       Insertion average length |	1.00
                             MULTI-MAPPING READS:
        Number of reads mapped to multiple loci |	2
             % of reads mapped to multiple loci |	0.02%
        Number of reads mapped to too many loci |	0
             % of reads mapped to too many loci |	0.00%
                                  UNMAPPED READS:
       % of reads unmapped: too many mismatches |	0.00%
                 % of reads unmapped: too short |	2.09%
                     % of reads unmapped: other |	88.88%
                                  CHIMERIC READS:
                       Number of chimeric reads |	0
                            % of chimeric reads |	0.00%
