                                 Started job on |	May 13 21:33:22
                             Started mapping on |	May 13 21:33:23
                                    Finished on |	May 13 21:33:27
       Mapping speed, Million of reads per hour |	9.00

                          Number of input reads |	10000
                      Average input read length |	231
                                    UNIQUE READS:
                   Uniquely mapped reads number |	293
                        Uniquely mapped reads % |	2.93%
                          Average mapped length |	202.62
                       Number of splices: Total |	18
            Number of splices: Annotated (sjdb) |	0
                       Number of splices: GT/AG |	2
                       Number of splices: GC/AG |	6
                       Number of splices: AT/AC |	0
               Number of splices: Non-canonical |	10
                      Mismatch rate per base, % |	1.09%
                         Deletion rate per base |	0.08%
                        Deletion average length |	1.36
                        Insertion rate per base |	0.59%
                       Insertion average length |	2.04
                             MULTI-MAPPING READS:
        Number of reads mapped to multiple loci |	21
             % of reads mapped to multiple loci |	0.21%
        Number of reads mapped to too many loci |	0
             % of reads mapped to too many loci |	0.00%
                                  UNMAPPED READS:
       % of reads unmapped: too many mismatches |	0.00%
                 % of reads unmapped: too short |	2.10%
                     % of reads unmapped: other |	94.76%
                                  CHIMERIC READS:
                       Number of chimeric reads |	0
                            % of chimeric reads |	0.00%
