                                 Started job on |	May 28 00:18:06
                             Started mapping on |	May 28 00:18:27
                                    Finished on |	May 28 00:18:31
       Mapping speed, Million of reads per hour |	9.00

                          Number of input reads |	10000
                      Average input read length |	231
                                    UNIQUE READS:
                   Uniquely mapped reads number |	8533
                        Uniquely mapped reads % |	85.33%
                          Average mapped length |	230.13
                       Number of splices: Total |	3566
            Number of splices: Annotated (sjdb) |	3531
                       Number of splices: GT/AG |	3532
                       Number of splices: GC/AG |	23
                       Number of splices: AT/AC |	5
               Number of splices: Non-canonical |	6
                      Mismatch rate per base, % |	0.49%
                         Deletion rate per base |	0.02%
                        Deletion average length |	1.21
                        Insertion rate per base |	0.00%
                       Insertion average length |	1.77
                             MULTI-MAPPING READS:
        Number of reads mapped to multiple loci |	982
             % of reads mapped to multiple loci |	9.82%
        Number of reads mapped to too many loci |	32
             % of reads mapped to too many loci |	0.32%
                                  UNMAPPED READS:
       % of reads unmapped: too many mismatches |	0.00%
                 % of reads unmapped: too short |	4.34%
                     % of reads unmapped: other |	0.19%
                                  CHIMERIC READS:
                       Number of chimeric reads |	0
                            % of chimeric reads |	0.00%
