                                 Started job on |	May 13 22:17:00
                             Started mapping on |	May 13 22:17:00
                                    Finished on |	May 13 22:17:02
       Mapping speed, Million of reads per hour |	18.00

                          Number of input reads |	10000
                      Average input read length |	240
                                    UNIQUE READS:
                   Uniquely mapped reads number |	1982
                        Uniquely mapped reads % |	19.82%
                          Average mapped length |	238.40
                       Number of splices: Total |	5
            Number of splices: Annotated (sjdb) |	0
                       Number of splices: GT/AG |	2
                       Number of splices: GC/AG |	0
                       Number of splices: AT/AC |	0
               Number of splices: Non-canonical |	3
                      Mismatch rate per base, % |	0.41%
                         Deletion rate per base |	0.09%
                        Deletion average length |	1.01
                        Insertion rate per base |	0.00%
                       Insertion average length |	1.08
                             MULTI-MAPPING READS:
        Number of reads mapped to multiple loci |	5
             % of reads mapped to multiple loci |	0.05%
        Number of reads mapped to too many loci |	0
             % of reads mapped to too many loci |	0.00%
                                  UNMAPPED READS:
       % of reads unmapped: too many mismatches |	0.00%
                 % of reads unmapped: too short |	0.96%
                     % of reads unmapped: other |	79.17%
                                  CHIMERIC READS:
                       Number of chimeric reads |	0
                            % of chimeric reads |	0.00%
