                                 Started job on |	May 13 21:33:11
                             Started mapping on |	May 13 21:33:12
                                    Finished on |	May 13 21:33:15
       Mapping speed, Million of reads per hour |	12.00

                          Number of input reads |	10000
                      Average input read length |	240
                                    UNIQUE READS:
                   Uniquely mapped reads number |	72
                        Uniquely mapped reads % |	0.72%
                          Average mapped length |	209.24
                       Number of splices: Total |	7
            Number of splices: Annotated (sjdb) |	0
                       Number of splices: GT/AG |	2
                       Number of splices: GC/AG |	0
                       Number of splices: AT/AC |	0
               Number of splices: Non-canonical |	5
                      Mismatch rate per base, % |	1.25%
                         Deletion rate per base |	0.09%
                        Deletion average length |	1.75
                        Insertion rate per base |	0.50%
                       Insertion average length |	2.38
                             MULTI-MAPPING READS:
        Number of reads mapped to multiple loci |	10
             % of reads mapped to multiple loci |	0.10%
        Number of reads mapped to too many loci |	1
             % of reads mapped to too many loci |	0.01%
                                  UNMAPPED READS:
       % of reads unmapped: too many mismatches |	0.00%
                 % of reads unmapped: too short |	0.92%
                     % of reads unmapped: other |	98.25%
                                  CHIMERIC READS:
                       Number of chimeric reads |	0
                            % of chimeric reads |	0.00%
