                                 Started job on |	May 13 21:33:17
                             Started mapping on |	May 13 21:33:18
                                    Finished on |	May 13 21:33:20
       Mapping speed, Million of reads per hour |	18.00

                          Number of input reads |	10000
                      Average input read length |	236
                                    UNIQUE READS:
                   Uniquely mapped reads number |	519
                        Uniquely mapped reads % |	5.19%
                          Average mapped length |	216.25
                       Number of splices: Total |	19
            Number of splices: Annotated (sjdb) |	0
                       Number of splices: GT/AG |	6
                       Number of splices: GC/AG |	2
                       Number of splices: AT/AC |	0
               Number of splices: Non-canonical |	11
                      Mismatch rate per base, % |	0.94%
                         Deletion rate per base |	0.07%
                        Deletion average length |	1.56
                        Insertion rate per base |	0.67%
                       Insertion average length |	2.63
                             MULTI-MAPPING READS:
        Number of reads mapped to multiple loci |	20
             % of reads mapped to multiple loci |	0.20%
        Number of reads mapped to too many loci |	0
             % of reads mapped to too many loci |	0.00%
                                  UNMAPPED READS:
       % of reads unmapped: too many mismatches |	0.00%
                 % of reads unmapped: too short |	1.27%
                     % of reads unmapped: other |	93.34%
                                  CHIMERIC READS:
                       Number of chimeric reads |	0
                            % of chimeric reads |	0.00%
