                                 Started job on |	May 28 00:17:41
                             Started mapping on |	May 28 00:18:02
                                    Finished on |	May 28 00:18:06
       Mapping speed, Million of reads per hour |	9.00

                          Number of input reads |	10000
                      Average input read length |	236
                                    UNIQUE READS:
                   Uniquely mapped reads number |	8633
                        Uniquely mapped reads % |	86.33%
                          Average mapped length |	235.39
                       Number of splices: Total |	1880
            Number of splices: Annotated (sjdb) |	1851
                       Number of splices: GT/AG |	1854
                       Number of splices: GC/AG |	11
                       Number of splices: AT/AC |	2
               Number of splices: Non-canonical |	13
                      Mismatch rate per base, % |	0.45%
                         Deletion rate per base |	0.06%
                        Deletion average length |	1.09
                        Insertion rate per base |	0.00%
                       Insertion average length |	1.67
                             MULTI-MAPPING READS:
        Number of reads mapped to multiple loci |	934
             % of reads mapped to multiple loci |	9.34%
        Number of reads mapped to too many loci |	8
             % of reads mapped to too many loci |	0.08%
                                  UNMAPPED READS:
       % of reads unmapped: too many mismatches |	0.00%
                 % of reads unmapped: too short |	4.16%
                     % of reads unmapped: other |	0.09%
                                  CHIMERIC READS:
                       Number of chimeric reads |	0
                            % of chimeric reads |	0.00%
