                                 Started job on |	May 13 21:33:29
                             Started mapping on |	May 13 21:33:30
                                    Finished on |	May 13 21:33:32
       Mapping speed, Million of reads per hour |	18.00

                          Number of input reads |	10000
                      Average input read length |	238
                                    UNIQUE READS:
                   Uniquely mapped reads number |	87
                        Uniquely mapped reads % |	0.87%
                          Average mapped length |	213.95
                       Number of splices: Total |	0
            Number of splices: Annotated (sjdb) |	0
                       Number of splices: GT/AG |	0
                       Number of splices: GC/AG |	0
                       Number of splices: AT/AC |	0
               Number of splices: Non-canonical |	0
                      Mismatch rate per base, % |	0.95%
                         Deletion rate per base |	0.16%
                        Deletion average length |	1.93
                        Insertion rate per base |	0.62%
                       Insertion average length |	2.11
                             MULTI-MAPPING READS:
        Number of reads mapped to multiple loci |	6
             % of reads mapped to multiple loci |	0.06%
        Number of reads mapped to too many loci |	0
             % of reads mapped to too many loci |	0.00%
                                  UNMAPPED READS:
       % of reads unmapped: too many mismatches |	0.00%
                 % of reads unmapped: too short |	1.13%
                     % of reads unmapped: other |	97.94%
                                  CHIMERIC READS:
                       Number of chimeric reads |	0
                            % of chimeric reads |	0.00%
