                                 Started job on |	May 28 00:18:31
                             Started mapping on |	May 28 00:18:53
                                    Finished on |	May 28 00:18:56
       Mapping speed, Million of reads per hour |	12.00

                          Number of input reads |	10000
                      Average input read length |	238
                                    UNIQUE READS:
                   Uniquely mapped reads number |	8893
                        Uniquely mapped reads % |	88.93%
                          Average mapped length |	236.53
                       Number of splices: Total |	3167
            Number of splices: Annotated (sjdb) |	3127
                       Number of splices: GT/AG |	3141
                       Number of splices: GC/AG |	16
                       Number of splices: AT/AC |	0
               Number of splices: Non-canonical |	10
                      Mismatch rate per base, % |	0.40%
                         Deletion rate per base |	0.03%
                        Deletion average length |	1.30
                        Insertion rate per base |	0.01%
                       Insertion average length |	1.33
                             MULTI-MAPPING READS:
        Number of reads mapped to multiple loci |	673
             % of reads mapped to multiple loci |	6.73%
        Number of reads mapped to too many loci |	9
             % of reads mapped to too many loci |	0.09%
                                  UNMAPPED READS:
       % of reads unmapped: too many mismatches |	0.00%
                 % of reads unmapped: too short |	4.18%
                     % of reads unmapped: other |	0.07%
                                  CHIMERIC READS:
                       Number of chimeric reads |	0
                            % of chimeric reads |	0.00%
