                                 Started job on |	May 13 22:17:08
                             Started mapping on |	May 13 22:17:08
                                    Finished on |	May 13 22:17:10
       Mapping speed, Million of reads per hour |	18.00

                          Number of input reads |	10000
                      Average input read length |	238
                                    UNIQUE READS:
                   Uniquely mapped reads number |	1433
                        Uniquely mapped reads % |	14.33%
                          Average mapped length |	234.96
                       Number of splices: Total |	1
            Number of splices: Annotated (sjdb) |	0
                       Number of splices: GT/AG |	1
                       Number of splices: GC/AG |	0
                       Number of splices: AT/AC |	0
               Number of splices: Non-canonical |	0
                      Mismatch rate per base, % |	0.44%
                         Deletion rate per base |	0.10%
                        Deletion average length |	1.02
                        Insertion rate per base |	0.00%
                       Insertion average length |	1.00
                             MULTI-MAPPING READS:
        Number of reads mapped to multiple loci |	10
             % of reads mapped to multiple loci |	0.10%
        Number of reads mapped to too many loci |	0
             % of reads mapped to too many loci |	0.00%
                                  UNMAPPED READS:
       % of reads unmapped: too many mismatches |	0.00%
                 % of reads unmapped: too short |	1.38%
                     % of reads unmapped: other |	84.19%
                                  CHIMERIC READS:
                       Number of chimeric reads |	0
                            % of chimeric reads |	0.00%
