                                 Started job on |	May 28 00:18:56
                             Started mapping on |	May 28 00:19:17
                                    Finished on |	May 28 00:19:21
       Mapping speed, Million of reads per hour |	9.00

                          Number of input reads |	10000
                      Average input read length |	236
                                    UNIQUE READS:
                   Uniquely mapped reads number |	8466
                        Uniquely mapped reads % |	84.66%
                          Average mapped length |	236.14
                       Number of splices: Total |	786
            Number of splices: Annotated (sjdb) |	759
                       Number of splices: GT/AG |	765
                       Number of splices: GC/AG |	5
                       Number of splices: AT/AC |	0
               Number of splices: Non-canonical |	16
                      Mismatch rate per base, % |	0.42%
                         Deletion rate per base |	0.06%
                        Deletion average length |	1.03
                        Insertion rate per base |	0.00%
                       Insertion average length |	1.04
                             MULTI-MAPPING READS:
        Number of reads mapped to multiple loci |	1057
             % of reads mapped to multiple loci |	10.57%
        Number of reads mapped to too many loci |	12
             % of reads mapped to too many loci |	0.12%
                                  UNMAPPED READS:
       % of reads unmapped: too many mismatches |	0.00%
                 % of reads unmapped: too short |	4.51%
                     % of reads unmapped: other |	0.14%
                                  CHIMERIC READS:
                       Number of chimeric reads |	0
                            % of chimeric reads |	0.00%
