                                 Started job on |	May 13 21:33:40
                             Started mapping on |	May 13 21:33:42
                                    Finished on |	May 13 21:33:44
       Mapping speed, Million of reads per hour |	18.00

                          Number of input reads |	10000
                      Average input read length |	235
                                    UNIQUE READS:
                   Uniquely mapped reads number |	116
                        Uniquely mapped reads % |	1.16%
                          Average mapped length |	213.09
                       Number of splices: Total |	5
            Number of splices: Annotated (sjdb) |	0
                       Number of splices: GT/AG |	1
                       Number of splices: GC/AG |	2
                       Number of splices: AT/AC |	0
               Number of splices: Non-canonical |	2
                      Mismatch rate per base, % |	1.27%
                         Deletion rate per base |	0.09%
                        Deletion average length |	1.53
                        Insertion rate per base |	0.73%
                       Insertion average length |	2.83
                             MULTI-MAPPING READS:
        Number of reads mapped to multiple loci |	8
             % of reads mapped to multiple loci |	0.08%
        Number of reads mapped to too many loci |	0
             % of reads mapped to too many loci |	0.00%
                                  UNMAPPED READS:
       % of reads unmapped: too many mismatches |	0.00%
                 % of reads unmapped: too short |	1.36%
                     % of reads unmapped: other |	97.40%
                                  CHIMERIC READS:
                       Number of chimeric reads |	0
                            % of chimeric reads |	0.00%
