                                 Started job on |	May 13 22:17:16
                             Started mapping on |	May 13 22:17:16
                                    Finished on |	May 13 22:17:19
       Mapping speed, Million of reads per hour |	12.00

                          Number of input reads |	10000
                      Average input read length |	232
                                    UNIQUE READS:
                   Uniquely mapped reads number |	2048
                        Uniquely mapped reads % |	20.48%
                          Average mapped length |	231.25
                       Number of splices: Total |	2
            Number of splices: Annotated (sjdb) |	0
                       Number of splices: GT/AG |	2
                       Number of splices: GC/AG |	0
                       Number of splices: AT/AC |	0
               Number of splices: Non-canonical |	0
                      Mismatch rate per base, % |	0.44%
                         Deletion rate per base |	0.09%
                        Deletion average length |	1.04
                        Insertion rate per base |	0.00%
                       Insertion average length |	1.00
                             MULTI-MAPPING READS:
        Number of reads mapped to multiple loci |	8
             % of reads mapped to multiple loci |	0.08%
        Number of reads mapped to too many loci |	0
             % of reads mapped to too many loci |	0.00%
                                  UNMAPPED READS:
       % of reads unmapped: too many mismatches |	0.00%
                 % of reads unmapped: too short |	1.91%
                     % of reads unmapped: other |	77.53%
                                  CHIMERIC READS:
                       Number of chimeric reads |	0
                            % of chimeric reads |	0.00%
