                                 Started job on |	May 28 00:19:46
                             Started mapping on |	May 28 00:20:06
                                    Finished on |	May 28 00:20:10
       Mapping speed, Million of reads per hour |	9.00

                          Number of input reads |	10000
                      Average input read length |	232
                                    UNIQUE READS:
                   Uniquely mapped reads number |	8326
                        Uniquely mapped reads % |	83.26%
                          Average mapped length |	231.15
                       Number of splices: Total |	2742
            Number of splices: Annotated (sjdb) |	2692
                       Number of splices: GT/AG |	2721
                       Number of splices: GC/AG |	17
                       Number of splices: AT/AC |	0
               Number of splices: Non-canonical |	4
                      Mismatch rate per base, % |	0.41%
                         Deletion rate per base |	0.03%
                        Deletion average length |	1.17
                        Insertion rate per base |	0.00%
                       Insertion average length |	1.47
                             MULTI-MAPPING READS:
        Number of reads mapped to multiple loci |	1182
             % of reads mapped to multiple loci |	11.82%
        Number of reads mapped to too many loci |	34
             % of reads mapped to too many loci |	0.34%
                                  UNMAPPED READS:
       % of reads unmapped: too many mismatches |	0.00%
                 % of reads unmapped: too short |	4.37%
                     % of reads unmapped: other |	0.21%
                                  CHIMERIC READS:
                       Number of chimeric reads |	0
                            % of chimeric reads |	0.00%
