                                 Started job on |	May 13 22:17:19
                             Started mapping on |	May 13 22:17:19
                                    Finished on |	May 13 22:17:21
       Mapping speed, Million of reads per hour |	18.00

                          Number of input reads |	10000
                      Average input read length |	242
                                    UNIQUE READS:
                   Uniquely mapped reads number |	1670
                        Uniquely mapped reads % |	16.70%
                          Average mapped length |	239.81
                       Number of splices: Total |	2
            Number of splices: Annotated (sjdb) |	0
                       Number of splices: GT/AG |	1
                       Number of splices: GC/AG |	0
                       Number of splices: AT/AC |	0
               Number of splices: Non-canonical |	1
                      Mismatch rate per base, % |	0.46%
                         Deletion rate per base |	0.11%
                        Deletion average length |	1.03
                        Insertion rate per base |	0.00%
                       Insertion average length |	1.50
                             MULTI-MAPPING READS:
        Number of reads mapped to multiple loci |	4
             % of reads mapped to multiple loci |	0.04%
        Number of reads mapped to too many loci |	0
             % of reads mapped to too many loci |	0.00%
                                  UNMAPPED READS:
       % of reads unmapped: too many mismatches |	0.00%
                 % of reads unmapped: too short |	0.93%
                     % of reads unmapped: other |	82.33%
                                  CHIMERIC READS:
                       Number of chimeric reads |	0
                            % of chimeric reads |	0.00%
