                                 Started job on |	May 13 21:33:52
                             Started mapping on |	May 13 21:33:54
                                    Finished on |	May 13 21:33:56
       Mapping speed, Million of reads per hour |	18.00

                          Number of input reads |	10000
                      Average input read length |	242
                                    UNIQUE READS:
                   Uniquely mapped reads number |	129
                        Uniquely mapped reads % |	1.29%
                          Average mapped length |	221.66
                       Number of splices: Total |	3
            Number of splices: Annotated (sjdb) |	0
                       Number of splices: GT/AG |	0
                       Number of splices: GC/AG |	1
                       Number of splices: AT/AC |	0
               Number of splices: Non-canonical |	2
                      Mismatch rate per base, % |	0.80%
                         Deletion rate per base |	0.08%
                        Deletion average length |	1.57
                        Insertion rate per base |	0.61%
                       Insertion average length |	2.54
                             MULTI-MAPPING READS:
        Number of reads mapped to multiple loci |	5
             % of reads mapped to multiple loci |	0.05%
        Number of reads mapped to too many loci |	0
             % of reads mapped to too many loci |	0.00%
                                  UNMAPPED READS:
       % of reads unmapped: too many mismatches |	0.00%
                 % of reads unmapped: too short |	0.59%
                     % of reads unmapped: other |	98.07%
                                  CHIMERIC READS:
                       Number of chimeric reads |	0
                            % of chimeric reads |	0.00%
