                                 Started job on |	May 28 00:20:34
                             Started mapping on |	May 28 00:20:55
                                    Finished on |	May 28 00:20:58
       Mapping speed, Million of reads per hour |	12.00

                          Number of input reads |	10000
                      Average input read length |	244
                                    UNIQUE READS:
                   Uniquely mapped reads number |	9029
                        Uniquely mapped reads % |	90.29%
                          Average mapped length |	242.52
                       Number of splices: Total |	3487
            Number of splices: Annotated (sjdb) |	3456
                       Number of splices: GT/AG |	3457
                       Number of splices: GC/AG |	22
                       Number of splices: AT/AC |	2
               Number of splices: Non-canonical |	6
                      Mismatch rate per base, % |	0.39%
                         Deletion rate per base |	0.02%
                        Deletion average length |	1.15
                        Insertion rate per base |	0.01%
                       Insertion average length |	1.65
                             MULTI-MAPPING READS:
        Number of reads mapped to multiple loci |	587
             % of reads mapped to multiple loci |	5.87%
        Number of reads mapped to too many loci |	7
             % of reads mapped to too many loci |	0.07%
                                  UNMAPPED READS:
       % of reads unmapped: too many mismatches |	0.00%
                 % of reads unmapped: too short |	3.68%
                     % of reads unmapped: other |	0.09%
                                  CHIMERIC READS:
                       Number of chimeric reads |	0
                            % of chimeric reads |	0.00%
