                                 Started job on |	May 13 21:33:58
                             Started mapping on |	May 13 21:33:59
                                    Finished on |	May 13 21:34:01
       Mapping speed, Million of reads per hour |	18.00

                          Number of input reads |	10000
                      Average input read length |	244
                                    UNIQUE READS:
                   Uniquely mapped reads number |	90
                        Uniquely mapped reads % |	0.90%
                          Average mapped length |	233.79
                       Number of splices: Total |	2
            Number of splices: Annotated (sjdb) |	0
                       Number of splices: GT/AG |	0
                       Number of splices: GC/AG |	0
                       Number of splices: AT/AC |	0
               Number of splices: Non-canonical |	2
                      Mismatch rate per base, % |	1.02%
                         Deletion rate per base |	0.04%
                        Deletion average length |	1.00
                        Insertion rate per base |	0.57%
                       Insertion average length |	2.31
                             MULTI-MAPPING READS:
        Number of reads mapped to multiple loci |	7
             % of reads mapped to multiple loci |	0.07%
        Number of reads mapped to too many loci |	0
             % of reads mapped to too many loci |	0.00%
                                  UNMAPPED READS:
       % of reads unmapped: too many mismatches |	0.00%
                 % of reads unmapped: too short |	0.59%
                     % of reads unmapped: other |	98.44%
                                  CHIMERIC READS:
                       Number of chimeric reads |	0
                            % of chimeric reads |	0.00%
