                                 Started job on |	May 28 00:20:59
                             Started mapping on |	May 28 00:21:19
                                    Finished on |	May 28 00:21:23
       Mapping speed, Million of reads per hour |	9.00

                          Number of input reads |	10000
                      Average input read length |	233
                                    UNIQUE READS:
                   Uniquely mapped reads number |	8331
                        Uniquely mapped reads % |	83.31%
                          Average mapped length |	231.98
                       Number of splices: Total |	3134
            Number of splices: Annotated (sjdb) |	3054
                       Number of splices: GT/AG |	3099
                       Number of splices: GC/AG |	22
                       Number of splices: AT/AC |	0
               Number of splices: Non-canonical |	13
                      Mismatch rate per base, % |	0.41%
                         Deletion rate per base |	0.02%
                        Deletion average length |	1.33
                        Insertion rate per base |	0.01%
                       Insertion average length |	1.86
                             MULTI-MAPPING READS:
        Number of reads mapped to multiple loci |	1171
             % of reads mapped to multiple loci |	11.71%
        Number of reads mapped to too many loci |	39
             % of reads mapped to too many loci |	0.39%
                                  UNMAPPED READS:
       % of reads unmapped: too many mismatches |	0.00%
                 % of reads unmapped: too short |	4.44%
                     % of reads unmapped: other |	0.15%
                                  CHIMERIC READS:
                       Number of chimeric reads |	0
                            % of chimeric reads |	0.00%
