                                 Started job on |	May 13 21:34:03
                             Started mapping on |	May 13 21:34:04
                                    Finished on |	May 13 21:34:07
       Mapping speed, Million of reads per hour |	12.00

                          Number of input reads |	10000
                      Average input read length |	233
                                    UNIQUE READS:
                   Uniquely mapped reads number |	110
                        Uniquely mapped reads % |	1.10%
                          Average mapped length |	197.55
                       Number of splices: Total |	11
            Number of splices: Annotated (sjdb) |	0
                       Number of splices: GT/AG |	0
                       Number of splices: GC/AG |	0
                       Number of splices: AT/AC |	0
               Number of splices: Non-canonical |	11
                      Mismatch rate per base, % |	1.77%
                         Deletion rate per base |	0.14%
                        Deletion average length |	1.19
                        Insertion rate per base |	1.04%
                       Insertion average length |	1.94
                             MULTI-MAPPING READS:
        Number of reads mapped to multiple loci |	9
             % of reads mapped to multiple loci |	0.09%
        Number of reads mapped to too many loci |	0
             % of reads mapped to too many loci |	0.00%
                                  UNMAPPED READS:
       % of reads unmapped: too many mismatches |	0.00%
                 % of reads unmapped: too short |	1.40%
                     % of reads unmapped: other |	97.41%
                                  CHIMERIC READS:
                       Number of chimeric reads |	0
                            % of chimeric reads |	0.00%
