                                 Started job on |	May 13 22:17:24
                             Started mapping on |	May 13 22:17:24
                                    Finished on |	May 13 22:17:27
       Mapping speed, Million of reads per hour |	12.00

                          Number of input reads |	10000
                      Average input read length |	233
                                    UNIQUE READS:
                   Uniquely mapped reads number |	1132
                        Uniquely mapped reads % |	11.32%
                          Average mapped length |	231.46
                       Number of splices: Total |	0
            Number of splices: Annotated (sjdb) |	0
                       Number of splices: GT/AG |	0
                       Number of splices: GC/AG |	0
                       Number of splices: AT/AC |	0
               Number of splices: Non-canonical |	0
                      Mismatch rate per base, % |	0.46%
                         Deletion rate per base |	0.10%
                        Deletion average length |	1.02
                        Insertion rate per base |	0.00%
                       Insertion average length |	1.00
                             MULTI-MAPPING READS:
        Number of reads mapped to multiple loci |	6
             % of reads mapped to multiple loci |	0.06%
        Number of reads mapped to too many loci |	0
             % of reads mapped to too many loci |	0.00%
                                  UNMAPPED READS:
       % of reads unmapped: too many mismatches |	0.00%
                 % of reads unmapped: too short |	1.83%
                     % of reads unmapped: other |	86.79%
                                  CHIMERIC READS:
                       Number of chimeric reads |	0
                            % of chimeric reads |	0.00%
